#################################################################
# If you used AutoDock Vina in your work, please cite:          #
#                                                               #
# O. Trott, A. J. Olson,                                        #
# AutoDock Vina: improving the speed and accuracy of docking    #
# with a new scoring function, efficient optimization and       #
# multithreading, Journal of Computational Chemistry 31 (2010)  #
# 455-461                                                       #
#                                                               #
# DOI 10.1002/jcc.21334                                         #
#                                                               #
# Please see http://vina.scripps.edu for more information.      #
#################################################################

WARNING: The search space volume > 27000 Angstrom^3 (See FAQ)
Detected 24 CPUs
WARNING: at low exhaustiveness, it may be impossible to utilize all CPUs
Reading input ... done.
Setting up the scoring function ... done.
Analyzing the binding site ... done.
Using random seed: 2129436672
Performing search ... 
0%   10   20   30   40   50   60   70   80   90   100%
|----|----|----|----|----|----|----|----|----|----|
***************************************************
done.
Refining results ... done.

mode |   affinity | dist from best mode
     | (kcal/mol) | rmsd l.b.| rmsd u.b.
-----+------------+----------+----------
   1         -9.0      0.000      0.000
   2         -8.7      5.220      9.095
   3         -8.2      5.308      9.291
   4         -8.1      5.409      8.834
   5         -7.8      5.680      9.472
   6         -7.8      5.997      9.062
   7         -7.8      7.311     10.503
   8         -7.5      6.018      9.834
   9         -7.4      5.920      8.977
  10         -7.4      6.390      8.774
  11         -7.1      6.342      8.913
  12         -6.6     17.092     20.299
  13         -6.6     16.041     19.175
  14         -6.5     16.208     18.088
  15         -6.5     15.651     17.906
  16         -6.5     28.209     30.613
  17         -6.5      6.475      9.453
  18         -6.3      6.356      9.462
  19         -6.3      7.299      9.672
  20         -6.3      5.665      9.406
Writing output ... done.
