#################################################################
# If you used AutoDock Vina in your work, please cite:          #
#                                                               #
# O. Trott, A. J. Olson,                                        #
# AutoDock Vina: improving the speed and accuracy of docking    #
# with a new scoring function, efficient optimization and       #
# multithreading, Journal of Computational Chemistry 31 (2010)  #
# 455-461                                                       #
#                                                               #
# DOI 10.1002/jcc.21334                                         #
#                                                               #
# Please see http://vina.scripps.edu for more information.      #
#################################################################

WARNING: The search space volume > 27000 Angstrom^3 (See FAQ)
Detected 24 CPUs
WARNING: at low exhaustiveness, it may be impossible to utilize all CPUs
Reading input ... done.
Setting up the scoring function ... done.
Analyzing the binding site ... done.
Using random seed: 1679271677
Performing search ... 
0%   10   20   30   40   50   60   70   80   90   100%
|----|----|----|----|----|----|----|----|----|----|
***************************************************
done.
Refining results ... done.

mode |   affinity | dist from best mode
     | (kcal/mol) | rmsd l.b.| rmsd u.b.
-----+------------+----------+----------
   1         -9.1      0.000      0.000
   2         -8.8      1.230      1.955
   3         -8.8      5.354      9.319
   4         -8.0      1.794      2.691
   5         -7.8      6.302      9.086
   6         -7.5      6.592      8.957
   7         -7.4      2.610      4.114
   8         -7.3      5.808      9.411
   9         -7.1      6.591      9.123
  10         -7.0      5.968      9.165
  11         -7.0      1.902      3.439
  12         -6.7      4.027      5.919
  13         -6.6     15.998     17.304
  14         -6.5     17.681     19.311
  15         -6.5     15.620     17.963
  16         -6.4      3.343      5.552
  17         -6.3     17.408     19.306
  18         -6.3     16.658     19.115
  19         -6.3     15.893     17.825
  20         -6.2     16.911     18.833
Writing output ... done.
