#################################################################
# If you used AutoDock Vina in your work, please cite:          #
#                                                               #
# O. Trott, A. J. Olson,                                        #
# AutoDock Vina: improving the speed and accuracy of docking    #
# with a new scoring function, efficient optimization and       #
# multithreading, Journal of Computational Chemistry 31 (2010)  #
# 455-461                                                       #
#                                                               #
# DOI 10.1002/jcc.21334                                         #
#                                                               #
# Please see http://vina.scripps.edu for more information.      #
#################################################################

WARNING: The search space volume > 27000 Angstrom^3 (See FAQ)
Detected 24 CPUs
WARNING: at low exhaustiveness, it may be impossible to utilize all CPUs
Reading input ... done.
Setting up the scoring function ... done.
Analyzing the binding site ... done.
Using random seed: 869884998
Performing search ... 
0%   10   20   30   40   50   60   70   80   90   100%
|----|----|----|----|----|----|----|----|----|----|
***************************************************
done.
Refining results ... done.

mode |   affinity | dist from best mode
     | (kcal/mol) | rmsd l.b.| rmsd u.b.
-----+------------+----------+----------
   1         -7.0      0.000      0.000
   2         -6.6      3.013      4.031
   3         -6.6      3.520      6.437
   4         -6.5      2.349      4.289
   5         -6.4      3.425      4.715
   6         -6.3      2.568      3.824
   7         -6.2     26.845     29.040
   8         -6.1      4.408      6.323
   9         -6.1     25.844     28.114
  10         -6.0      3.252      6.664
  11         -5.9     25.980     29.029
  12         -5.6     26.926     29.130
  13         -5.5     18.558     20.417
  14         -5.5     23.304     24.635
  15         -5.4     16.275     19.329
  16         -5.4      3.897      7.010
  17         -5.4      3.132      5.856
  18         -5.3     26.020     29.147
  19         -5.3      5.379      7.898
  20         -5.1     26.531     29.483
Writing output ... done.
