#################################################################
# If you used AutoDock Vina in your work, please cite:          #
#                                                               #
# O. Trott, A. J. Olson,                                        #
# AutoDock Vina: improving the speed and accuracy of docking    #
# with a new scoring function, efficient optimization and       #
# multithreading, Journal of Computational Chemistry 31 (2010)  #
# 455-461                                                       #
#                                                               #
# DOI 10.1002/jcc.21334                                         #
#                                                               #
# Please see http://vina.scripps.edu for more information.      #
#################################################################

WARNING: The search space volume > 27000 Angstrom^3 (See FAQ)
Detected 24 CPUs
WARNING: at low exhaustiveness, it may be impossible to utilize all CPUs
Reading input ... done.
Setting up the scoring function ... done.
Analyzing the binding site ... done.
Using random seed: 964024965
Performing search ... 
0%   10   20   30   40   50   60   70   80   90   100%
|----|----|----|----|----|----|----|----|----|----|
***************************************************
done.
Refining results ... done.

mode |   affinity | dist from best mode
     | (kcal/mol) | rmsd l.b.| rmsd u.b.
-----+------------+----------+----------
   1         -6.8      0.000      0.000
   2         -6.7      5.187      7.765
   3         -6.6     17.257     19.429
   4         -6.5      5.100      9.019
   5         -6.3      1.280      2.168
   6         -6.2     30.374     33.113
   7         -6.2      3.879      6.437
   8         -6.1      4.067      5.075
   9         -6.1      6.114      8.731
  10         -6.0      3.940      7.545
  11         -6.0     12.002     13.105
  12         -5.9      6.105      8.201
  13         -5.9     17.984     20.347
  14         -5.9     11.498     12.740
  15         -5.9      1.587      2.572
  16         -5.9      3.415      5.886
  17         -5.9     17.553     19.926
  18         -5.9     31.139     33.598
  19         -5.8     16.984     19.246
  20         -5.7      4.214      6.793
Writing output ... done.
