#################################################################
# If you used AutoDock Vina in your work, please cite:          #
#                                                               #
# O. Trott, A. J. Olson,                                        #
# AutoDock Vina: improving the speed and accuracy of docking    #
# with a new scoring function, efficient optimization and       #
# multithreading, Journal of Computational Chemistry 31 (2010)  #
# 455-461                                                       #
#                                                               #
# DOI 10.1002/jcc.21334                                         #
#                                                               #
# Please see http://vina.scripps.edu for more information.      #
#################################################################

WARNING: The search space volume > 27000 Angstrom^3 (See FAQ)
Detected 24 CPUs
WARNING: at low exhaustiveness, it may be impossible to utilize all CPUs
Reading input ... done.
Setting up the scoring function ... done.
Analyzing the binding site ... done.
Using random seed: -741020190
Performing search ... 
0%   10   20   30   40   50   60   70   80   90   100%
|----|----|----|----|----|----|----|----|----|----|
***************************************************
done.
Refining results ... done.

mode |   affinity | dist from best mode
     | (kcal/mol) | rmsd l.b.| rmsd u.b.
-----+------------+----------+----------
   1         -9.0      0.000      0.000
   2         -8.0      5.905      9.612
   3         -7.8      3.197      5.140
   4         -7.7      2.032      2.441
   5         -7.7      2.050      3.827
   6         -7.7      5.416      9.372
   7         -7.5      4.062      6.484
   8         -7.5      2.030      3.097
   9         -7.2      7.547     10.969
  10         -7.2      7.497     11.198
  11         -7.2      4.791      7.533
  12         -7.1      5.002      7.052
  13         -6.9      2.295      3.567
  14         -6.9      5.000      5.971
  15         -6.8      6.467     10.038
  16         -6.5      4.585      6.508
  17         -6.5      4.871      7.440
  18         -6.5      5.156      7.209
  19         -6.4     19.455     22.137
  20         -6.2     17.462     20.000
Writing output ... done.
