#################################################################
# If you used AutoDock Vina in your work, please cite:          #
#                                                               #
# O. Trott, A. J. Olson,                                        #
# AutoDock Vina: improving the speed and accuracy of docking    #
# with a new scoring function, efficient optimization and       #
# multithreading, Journal of Computational Chemistry 31 (2010)  #
# 455-461                                                       #
#                                                               #
# DOI 10.1002/jcc.21334                                         #
#                                                               #
# Please see http://vina.scripps.edu for more information.      #
#################################################################

WARNING: The search space volume > 27000 Angstrom^3 (See FAQ)
Detected 24 CPUs
WARNING: at low exhaustiveness, it may be impossible to utilize all CPUs
Reading input ... done.
Setting up the scoring function ... done.
Analyzing the binding site ... done.
Using random seed: 781205692
Performing search ... 
0%   10   20   30   40   50   60   70   80   90   100%
|----|----|----|----|----|----|----|----|----|----|
***************************************************
done.
Refining results ... done.

mode |   affinity | dist from best mode
     | (kcal/mol) | rmsd l.b.| rmsd u.b.
-----+------------+----------+----------
   1         -6.0      0.000      0.000
   2         -5.7     21.739     24.688
   3         -5.5      2.534      3.679
   4         -5.5      3.429      5.003
   5         -5.5     11.562     13.409
   6         -5.5     18.394     21.847
   7         -5.3      2.632      5.549
   8         -5.2     12.561     13.851
   9         -5.1      2.833      6.085
  10         -5.0     20.327     22.270
  11         -5.0      3.630      4.927
  12         -4.9     13.099     14.950
  13         -4.9     12.270     14.221
  14         -4.8     17.094     19.594
  15         -4.7     21.090     23.665
  16         -4.7      2.650      6.174
  17         -4.7     21.196     23.448
  18         -4.7      3.423      5.194
  19         -4.6     18.731     20.979
  20         -4.5     16.908     20.046
Writing output ... done.
